<?xml version="1.0" encoding="UTF-8"?>
<testsuite xmlns:xsi="http://www.w3.org/2001/XMLSchema-instance" xsi:noNamespaceSchemaLocation="https://maven.apache.org/surefire/maven-surefire-plugin/xsd/surefire-test-report-3.0.xsd" version="3.0" name="com.example.pokerapp.model.DealerTest" time="0.014" tests="8" errors="0" skipped="0" failures="0">
  <properties>
[...]
</properties>
  <testcase name="testSetHand_validValue_setsHand" classname="com.example.pokerapp.model.DealerTest" time="0.001"/>
  <testcase name="testSetHand_nullOrEmptyValue_throwsException" classname="com.example.pokerapp.model.DealerTest" time="0.001"/>
  <testcase name="testConstructor_withHand_noExceptionThrown" classname="com.example.pokerapp.model.DealerTest" time="0.001"/>
  <testcase name="testAddCard_validCard_addsCardToHand" classname="com.example.pokerapp.model.DealerTest" time="0.001"/>
  <testcase name="testToString" classname="com.example.pokerapp.model.DealerTest" time="0.004"/>
  <testcase name="testAddCard_handIsFull_throwsException" classname="com.example.pokerapp.model.DealerTest" time="0.002"/>
  <testcase name="testConstructor_emptyDealer_noExceptionThrown" classname="com.example.pokerapp.model.DealerTest" time="0.001"/>
  <testcase name="testAddCard_nullCard_throwsException" classname="com.example.pokerapp.model.DealerTest" time="0.001"/>
</testsuite>